  listes.c
C:\Users\Administrateur\source\repos\Listes Chainées\listes.c(9,2): error C2061: erreur de syntaxe : identificateur 'Element'
C:\Users\Administrateur\source\repos\Listes Chainées\listes.c(10,1): error C2059: erreur de syntaxe : '}'
C:\Users\Administrateur\source\repos\Listes Chainées\listes.c(15,2): error C2061: erreur de syntaxe : identificateur 'Element'
C:\Users\Administrateur\source\repos\Listes Chainées\listes.c(16,9): error C2143: erreur de syntaxe : absence de '{' avant '*'
C:\Users\Administrateur\source\repos\Listes Chainées\listes.c(19,1): error C2059: erreur de syntaxe : '}'
C:\Users\Administrateur\source\repos\Listes Chainées\listes.c(23,26): error C2143: erreur de syntaxe : absence de ')' avant '*'
C:\Users\Administrateur\source\repos\Listes Chainées\listes.c(23,26): error C2143: erreur de syntaxe : absence de '{' avant '*'
C:\Users\Administrateur\source\repos\Listes Chainées\listes.c(23,32): error C2059: erreur de syntaxe : ')'
C:\Users\Administrateur\source\repos\Listes Chainées\listes.c(24,1): error C2054: '(' attendu après 'file'
C:\Users\Administrateur\source\repos\Listes Chainées\listes.c(37,27): error C2143: erreur de syntaxe : absence de ')' avant '*'
C:\Users\Administrateur\source\repos\Listes Chainées\listes.c(37,27): error C2143: erreur de syntaxe : absence de '{' avant '*'
C:\Users\Administrateur\source\repos\Listes Chainées\listes.c(37,33): error C2059: erreur de syntaxe : ')'
C:\Users\Administrateur\source\repos\Listes Chainées\listes.c(38,1): error C2054: '(' attendu après 'file'
C:\Users\Administrateur\source\repos\Listes Chainées\listes.c(50,20): error C2143: erreur de syntaxe : absence de ')' avant '*'
C:\Users\Administrateur\source\repos\Listes Chainées\listes.c(50,20): error C2143: erreur de syntaxe : absence de '{' avant '*'
C:\Users\Administrateur\source\repos\Listes Chainées\listes.c(50,32): error C2059: erreur de syntaxe : 'type'
C:\Users\Administrateur\source\repos\Listes Chainées\listes.c(50,37): error C2059: erreur de syntaxe : ')'
C:\Users\Administrateur\source\repos\Listes Chainées\listes.c(81,20): error C2143: erreur de syntaxe : absence de ')' avant '*'
C:\Users\Administrateur\source\repos\Listes Chainées\listes.c(81,20): error C2143: erreur de syntaxe : absence de '{' avant '*'
C:\Users\Administrateur\source\repos\Listes Chainées\listes.c(81,31): error C2059: erreur de syntaxe : 'type'
C:\Users\Administrateur\source\repos\Listes Chainées\listes.c(81,38): error C2059: erreur de syntaxe : ')'
